Release 14.7 - xst P.20131013 (nt64)
Copyright (c) 1995-2013 Xilinx, Inc.  All rights reserved.
--> Parameter TMPDIR set to xst/projnav.tmp


Total REAL time to Xst completion: 1.00 secs
Total CPU time to Xst completion: 0.08 secs
 
--> Parameter xsthdpdir set to xst


Total REAL time to Xst completion: 1.00 secs
Total CPU time to Xst completion: 0.08 secs
 
--> Reading design: whole_box.prj

TABLE OF CONTENTS
  1) Synthesis Options Summary
  2) HDL Parsing
  3) HDL Elaboration
  4) HDL Synthesis
       4.1) HDL Synthesis Report
  5) Advanced HDL Synthesis
       5.1) Advanced HDL Synthesis Report
  6) Low Level Synthesis
  7) Partition Report
  8) Design Summary
       8.1) Primitive and Black Box Usage
       8.2) Device utilization summary
       8.3) Partition Resource Summary
       8.4) Timing Report
            8.4.1) Clock Information
            8.4.2) Asynchronous Control Signals Information
            8.4.3) Timing Summary
            8.4.4) Timing Details
            8.4.5) Cross Clock Domains Report


=========================================================================
*                      Synthesis Options Summary                        *
=========================================================================
---- Source Parameters
Input File Name                    : "whole_box.prj"
Ignore Synthesis Constraint File   : NO

---- Target Parameters
Output File Name                   : "whole_box"
Output Format                      : NGC
Target Device                      : xc6slx16-2-csg324

---- Source Options
Top Module Name                    : whole_box
Automatic FSM Extraction           : YES
FSM Encoding Algorithm             : Auto
Safe Implementation                : No
FSM Style                          : LUT
RAM Extraction                     : Yes
RAM Style                          : Auto
ROM Extraction                     : Yes
Shift Register Extraction          : YES
ROM Style                          : Auto
Resource Sharing                   : YES
Asynchronous To Synchronous        : NO
Shift Register Minimum Size        : 2
Use DSP Block                      : Auto
Automatic Register Balancing       : No

---- Target Options
LUT Combining                      : Auto
Reduce Control Sets                : Auto
Add IO Buffers                     : YES
Global Maximum Fanout              : 100000
Add Generic Clock Buffer(BUFG)     : 16
Register Duplication               : YES
Optimize Instantiated Primitives   : NO
Use Clock Enable                   : Auto
Use Synchronous Set                : Auto
Use Synchronous Reset              : Auto
Pack IO Registers into IOBs        : Auto
Equivalent register Removal        : YES

---- General Options
Optimization Goal                  : Speed
Optimization Effort                : 1
Power Reduction                    : NO
Keep Hierarchy                     : No
Netlist Hierarchy                  : As_Optimized
RTL Output                         : Yes
Global Optimization                : AllClockNets
Read Cores                         : YES
Write Timing Constraints           : NO
Cross Clock Analysis               : NO
Hierarchy Separator                : /
Bus Delimiter                      : <>
Case Specifier                     : Maintain
Slice Utilization Ratio            : 100
BRAM Utilization Ratio             : 100
DSP48 Utilization Ratio            : 100
Auto BRAM Packing                  : NO
Slice Utilization Ratio Delta      : 5

=========================================================================


=========================================================================
*                          HDL Parsing                                  *
=========================================================================
Parsing VHDL file "C:\Users\HP\Desktop\University\Academics\Capstone\S-Box\mult_phi.vhd" into library work
Parsing entity <mult_phi>.
Parsing architecture <Behavioral> of entity <mult_phi>.
Parsing VHDL file "C:\Users\HP\Desktop\University\Academics\Capstone\S-Box\mult_gf22.vhd" into library work
Parsing entity <mult_gf22>.
Parsing architecture <Behavioral> of entity <mult_gf22>.
Parsing VHDL file "C:\Users\HP\Desktop\University\Academics\Capstone\S-Box\x_lambda.vhd" into library work
Parsing entity <x_lambda>.
Parsing architecture <Behavioral> of entity <x_lambda>.
Parsing VHDL file "C:\Users\HP\Desktop\University\Academics\Capstone\S-Box\mult_gf24.vhd" into library work
Parsing entity <mult_gf24>.
Parsing architecture <Behavioral> of entity <mult_gf24>.
WARNING:HDLCompiler:946 - "C:\Users\HP\Desktop\University\Academics\Capstone\S-Box\mult_gf24.vhd" Line 70: Actual for formal port d0 is neither a static name nor a globally static expression
Parsing VHDL file "C:\Users\HP\Desktop\University\Academics\Capstone\S-Box\iso_mapping.vhd" into library work
Parsing entity <iso_mapping>.
Parsing architecture <Behavioral> of entity <iso_mapping>.
Parsing VHDL file "C:\Users\HP\Desktop\University\Academics\Capstone\S-Box\inv_iso_mapping.vhd" into library work
Parsing entity <inv_iso_mapping>.
Parsing architecture <Behavioral> of entity <inv_iso_mapping>.
Parsing VHDL file "C:\Users\HP\Desktop\University\Academics\Capstone\S-Box\inv_gf24.vhd" into library work
Parsing entity <inv_gf24>.
Parsing architecture <Behavioral> of entity <inv_gf24>.
Parsing VHDL file "C:\Users\HP\Desktop\University\Academics\Capstone\S-Box\gf24_square.vhd" into library work
Parsing entity <gf24_square>.
Parsing architecture <Behavioral> of entity <gf24_square>.
Parsing VHDL file "C:\Users\HP\Desktop\University\Academics\Capstone\S-Box\mult_inv.vhd" into library work
Parsing entity <mult_inv>.
Parsing architecture <Behavioral> of entity <mult_inv>.
WARNING:HDLCompiler:946 - "C:\Users\HP\Desktop\University\Academics\Capstone\S-Box\mult_inv.vhd" Line 90: Actual for formal port d0 is neither a static name nor a globally static expression
WARNING:HDLCompiler:946 - "C:\Users\HP\Desktop\University\Academics\Capstone\S-Box\mult_inv.vhd" Line 91: Actual for formal port d is neither a static name nor a globally static expression
WARNING:HDLCompiler:946 - "C:\Users\HP\Desktop\University\Academics\Capstone\S-Box\mult_inv.vhd" Line 94: Actual for formal port d1 is neither a static name nor a globally static expression
Parsing VHDL file "C:\Users\HP\Desktop\University\Academics\Capstone\S-Box\affine_transformation.vhd" into library work
Parsing entity <affine_transformation>.
Parsing architecture <Behavioral> of entity <affine_transformation>.
Parsing VHDL file "C:\Users\HP\Desktop\University\Academics\Capstone\S-Box\whole_box.vhd" into library work
Parsing entity <whole_box>.
Parsing architecture <Behavioral> of entity <whole_box>.

=========================================================================
*                            HDL Elaboration                            *
=========================================================================

Elaborating entity <whole_box> (architecture <Behavioral>) from library <work>.

Elaborating entity <affine_transformation> (architecture <Behavioral>) from library <work>.

Elaborating entity <mult_inv> (architecture <Behavioral>) from library <work>.

Elaborating entity <iso_mapping> (architecture <Behavioral>) from library <work>.

Elaborating entity <gf24_square> (architecture <Behavioral>) from library <work>.

Elaborating entity <x_lambda> (architecture <Behavioral>) from library <work>.

Elaborating entity <mult_gf24> (architecture <Behavioral>) from library <work>.

Elaborating entity <mult_gf22> (architecture <Behavioral>) from library <work>.

Elaborating entity <mult_phi> (architecture <Behavioral>) from library <work>.

Elaborating entity <inv_gf24> (architecture <Behavioral>) from library <work>.

Elaborating entity <inv_iso_mapping> (architecture <Behavioral>) from library <work>.

=========================================================================
*                           HDL Synthesis                               *
=========================================================================

Synthesizing Unit <whole_box>.
    Related source file is "C:\Users\HP\Desktop\University\Academics\Capstone\S-Box\whole_box.vhd".
    Summary:
	no macro.
Unit <whole_box> synthesized.

Synthesizing Unit <affine_transformation>.
    Related source file is "C:\Users\HP\Desktop\University\Academics\Capstone\S-Box\affine_transformation.vhd".
    Summary:
Unit <affine_transformation> synthesized.

Synthesizing Unit <mult_inv>.
    Related source file is "C:\Users\HP\Desktop\University\Academics\Capstone\S-Box\mult_inv.vhd".
WARNING:Xst:647 - Input <clk> is never used. This port will be preserved and left unconnected if it belongs to a top-level block or it belongs to a sub-block and the hierarchy of this sub-block is preserved.
    Summary:
Unit <mult_inv> synthesized.

Synthesizing Unit <iso_mapping>.
    Related source file is "C:\Users\HP\Desktop\University\Academics\Capstone\S-Box\iso_mapping.vhd".
    Summary:
Unit <iso_mapping> synthesized.

Synthesizing Unit <gf24_square>.
    Related source file is "C:\Users\HP\Desktop\University\Academics\Capstone\S-Box\gf24_square.vhd".
    Summary:
Unit <gf24_square> synthesized.

Synthesizing Unit <x_lambda>.
    Related source file is "C:\Users\HP\Desktop\University\Academics\Capstone\S-Box\x_lambda.vhd".
    Summary:
Unit <x_lambda> synthesized.

Synthesizing Unit <mult_gf24>.
    Related source file is "C:\Users\HP\Desktop\University\Academics\Capstone\S-Box\mult_gf24.vhd".
    Summary:
Unit <mult_gf24> synthesized.

Synthesizing Unit <mult_gf22>.
    Related source file is "C:\Users\HP\Desktop\University\Academics\Capstone\S-Box\mult_gf22.vhd".
    Summary:
Unit <mult_gf22> synthesized.

Synthesizing Unit <mult_phi>.
    Related source file is "C:\Users\HP\Desktop\University\Academics\Capstone\S-Box\mult_phi.vhd".
    Summary:
Unit <mult_phi> synthesized.

Synthesizing Unit <inv_gf24>.
    Related source file is "C:\Users\HP\Desktop\University\Academics\Capstone\S-Box\inv_gf24.vhd".
    Summary:
Unit <inv_gf24> synthesized.

Synthesizing Unit <inv_iso_mapping>.
    Related source file is "C:\Users\HP\Desktop\University\Academics\Capstone\S-Box\inv_iso_mapping.vhd".
    Summary:
Unit <inv_iso_mapping> synthesized.

=========================================================================
HDL Synthesis Report

Macro Statistics
# Xors                                                 : 100
 1-bit xor2                                            : 67
 1-bit xor3                                            : 14
 1-bit xor4                                            : 2
 1-bit xor5                                            : 2
 1-bit xor8                                            : 1
 2-bit xor2                                            : 12
 4-bit xor2                                            : 2

=========================================================================

=========================================================================
*                       Advanced HDL Synthesis                          *
=========================================================================


=========================================================================
Advanced HDL Synthesis Report

Macro Statistics
# Xors                                                 : 100
 1-bit xor2                                            : 67
 1-bit xor3                                            : 14
 1-bit xor4                                            : 2
 1-bit xor5                                            : 2
 1-bit xor8                                            : 1
 2-bit xor2                                            : 12
 4-bit xor2                                            : 2

=========================================================================

=========================================================================
*                         Low Level Synthesis                           *
=========================================================================

Optimizing unit <whole_box> ...

Optimizing unit <mult_inv> ...

Mapping all equations...
Building and optimizing final netlist ...
Found area constraint ratio of 100 (+ 5) on block whole_box, actual ratio is 1.

Final Macro Processing ...

=========================================================================
Final Register Report

Found no macro
=========================================================================

=========================================================================
*                           Partition Report                            *
=========================================================================

Partition Implementation Status
-------------------------------

  No Partitions were found in this design.

-------------------------------

=========================================================================
*                            Design Summary                             *
=========================================================================

Top Level Output File Name         : whole_box.ngc

Primitive and Black Box Usage:
------------------------------
# BELS                             : 69
#      LUT2                        : 4
#      LUT3                        : 5
#      LUT4                        : 13
#      LUT5                        : 16
#      LUT6                        : 31
# IO Buffers                       : 16
#      IBUF                        : 8
#      OBUF                        : 8

Device utilization summary:
---------------------------

Selected Device : 6slx16csg324-2 


Slice Logic Utilization: 
 Number of Slice LUTs:                   69  out of   9112     0%  
    Number used as Logic:                69  out of   9112     0%  

Slice Logic Distribution: 
 Number of LUT Flip Flop pairs used:     69
   Number with an unused Flip Flop:      69  out of     69   100%  
   Number with an unused LUT:             0  out of     69     0%  
   Number of fully used LUT-FF pairs:     0  out of     69     0%  
   Number of unique control sets:         0

IO Utilization: 
 Number of IOs:                          16
 Number of bonded IOBs:                  16  out of    232     6%  

Specific Feature Utilization:

---------------------------
Partition Resource Summary:
---------------------------

  No Partitions were found in this design.

---------------------------


=========================================================================
Timing Report

NOTE: THESE TIMING NUMBERS ARE ONLY A SYNTHESIS ESTIMATE.
      FOR ACCURATE TIMING INFORMATION PLEASE REFER TO THE TRACE REPORT
      GENERATED AFTER PLACE-and-ROUTE.

Clock Information:
------------------
No clock signals found in this design

Asynchronous Control Signals Information:
----------------------------------------
No asynchronous control signals found in this design

Timing Summary:
---------------
Speed Grade: -2

   Minimum period: No path found
   Minimum input arrival time before clock: No path found
   Maximum output required time after clock: No path found
   Maximum combinational path delay: 19.138ns

Timing Details:
---------------
All values displayed in nanoseconds (ns)

=========================================================================
Timing constraint: Default path analysis
  Total number of paths / destination ports: 93525 / 8
-------------------------------------------------------------------------
Delay:               19.138ns (Levels of Logic = 12)
  Source:            d<7> (PAD)
  Destination:       q<0> (PAD)

  Data Path: d<7> to q<0>
                                Gate     Net
    Cell:in->out      fanout   Delay   Delay  Logical Name (Net Name)
    ----------------------------------------  ------------
     IBUF:I->O            19   1.328   1.691  d_7_IBUF (d_7_IBUF)
     LUT5:I0->O            1   0.254   1.112  multInv/iso/Mxor_q0<2>_xo<0>1 (multInv/nibble0<2>)
     LUT5:I0->O            4   0.254   0.804  multInv/mult0/mult0/d0[0]_d0[1]_XOR_68_o1 (multInv/mult0/mult0/d0[0]_d0[1]_XOR_68_o)
     LUT6:I5->O            1   0.254   1.137  multInv/mult0/Mxor_q<1:0>_1_xo<0>_SW1 (N30)
     LUT6:I0->O           11   0.254   1.267  multInv/Mxor_after_lambda[3]_after_mult0[3]_xor_1_OUT_1_xo<0>1 (multInv/after_lambda[3]_after_mult0[3]_xor_1_OUT<1>)
     LUT4:I1->O            3   0.235   1.221  multInv/invGF24/Mxor_q<0>_xo<0> (multInv/after_inv<0>)
     LUT6:I0->O            4   0.254   1.259  multInv/mult2/mult2/d0[0]_d1[0]_AND_2_o1 (multInv/mult2/mult2/d0[0]_d1[0]_AND_2_o)
     LUT6:I0->O            9   0.254   1.252  multInv/mult2/Mxor_q<3:2>_0_xo<0> (multInv/after_mult2<2>)
     LUT6:I2->O            1   0.254   0.682  multInv/inv_iso/Mxor_q<0>_xo<0>_SW0 (N20)
     LUT6:I5->O            5   0.254   1.271  multInv/inv_iso/Mxor_q<0>_xo<0> (after_inv<0>)
     LUT5:I0->O            1   0.254   0.681  affTrans/q<0>1 (q_0_OBUF)
     OBUF:I->O                 2.912          q_0_OBUF (q<0>)
    ----------------------------------------
    Total                     19.138ns (6.761ns logic, 12.377ns route)
                                       (35.3% logic, 64.7% route)

=========================================================================

Cross Clock Domains Report:
--------------------------

=========================================================================


Total REAL time to Xst completion: 7.00 secs
Total CPU time to Xst completion: 6.44 secs
 
--> 

Total memory usage is 260572 kilobytes

Number of errors   :    0 (   0 filtered)
Number of warnings :    5 (   0 filtered)
Number of infos    :    0 (   0 filtered)

